Mon Oct 14 00:16:46 CDT 2002	Running ./pairs -n 22 -g 21
Population = 100	MaxIter = 100000000
TermCount = 1000000	MaxSwap = 10
Opt = 0
Iteration Best Cnt  Score       Mutates   Cross-Ovr Inserts
        0         1 870,  0         1         1         1 1170   1
    10000       522 390,  0    158460     10000      1714 390   1
    20000       135 260,  0    180990     10000       603 260   1
    30000      4392 230,  0    187688     10000       336 230   1
    40000      1015 200,  0    190179     10000       226 200   1
    50000      1167 130,  0    189116     10000       257 130   1
    60000     11167 130,  0    188223     10000       273 130   1
    70000      6429 110,  0    194036     10000        91 110   1
    80000      4454 100,  0    193978     10000        81 100   1
    90000      1231  80,  0    193863     10000        97  80   1
   100000      8221  70,  0    192630     10000       113  70   1
   110000     18221  70,  0    193409     10000        73  70   1
   120000      5530  60,  0    196713     10000        35  60   1
   130000     15530  60,  0    195916     10000        42  60   1
   140000     25530  60,  0    196581     10000        27  60   1
   150000      3376  50,  0    198689     10000        10  50   1
   160000     13376  50,  0    197777     10000        23  50   1
   170000     23376  50,  0    196372     10000        45  50   1
   180000     33376  50,  0    197948     10000        21  50   1
   190000     43376  50,  0    198214     10000        19  50   1
   200000     53376  50,  0    197815     10000        30  50   1
   210000      7541  40,  0    197568     10000        32  40   1
   220000     17541  40,  0    199373     10000         1  40   1
   230000     27541  40,  0    199050     10000         0 999999   0
   240000     37541  40,  0    198993     10000         2  40   1
   250000     47541  40,  0    199164     10000         4  40   1
   260000     57541  40,  0    199202     10000         2  40   1
   270000     67541  40,  0    199107     10000         1  40   1
   280000     77541  40,  0    198955     10000         7  40   1
   290000     87541  40,  0    198975     10000         8  40   1
   300000     97541  40,  0    198613     10000         7  40   1
   310000    107541  40,  0    198500     10000        19  40   1
   320000    117541  40,  0    197530     10000        30  40   1
   330000      7826  30,  0    198176     10000        16  30   1
   340000     17826  30,  0    199126     10000         0 999999   0
   350000     27826  30,  0    199316     10000         0 999999   0
   360000     37826  30,  0    199164     10000         0 999999   0
   370000     47826  30,  0    198993     10000         0 999999   0
   380000     57826  30,  0    198917     10000         1  30   1
   390000     67826  30,  0    199069     10000         2  30   1
   400000     77826  30,  0    198975     10000         6  30   1
   410000     87826  30,  0    198880     10000         1  30   1
   420000     97826  30,  0    198651     10000        12  30   1
   430000    107826  30,  0    198594     10000        12  30   1
   440000      6261  20,  0    198347     10000        14  20   1
   450000     16261  20,  0    198083     10000        18  30   1
   460000     26261  20,  0    196903     10000        34  20   1
   470000     36261  20,  0    198974     10000         7  20   1
   480000     46261  20,  0    199051     10000         8  20   1
   490000     56261  20,  0    198784     10000         7  20   1
   500000     66261  20,  0    198898     10000         8  20   1
   510000     76261  20,  0    198708     10000         8  20   1
   520000     86261  20,  0    198747     10000        14  20   1
   530000     96261  20,  0    198499     10000        24  20   1
   540000    106261  20,  0    198518     10000        19  20   1
   550000    116261  20,  0    199506     10000         0 999999   0
   560000    126261  20,  0    199582     10000         0 999999   0
   570000    136261  20,  0    199449     10000         0 999999   0
   580000    146261  20,  0    199430     10000         0 999999   0
   590000    156261  20,  0    199449     10000         0 999999   0
   600000    166261  20,  0    199620     10000         0 999999   0
   610000    176261  20,  0    199639     10000         0 999999   0
   620000    186261  20,  0    199278     10000         0 999999   0
   630000    196261  20,  0    199316     10000         0 999999   0
   640000    206261  20,  0    199525     10000         0 999999   0
   650000    216261  20,  0    199639     10000         0 999999   0
   660000    226261  20,  0    199468     10000         0 999999   0
   670000    236261  20,  0    199544     10000         0 999999   0
   680000    246261  20,  0    199392     10000         0 999999   0
   690000    256261  20,  0    199544     10000         0 999999   0
   700000    266261  20,  0    199449     10000         0 999999   0
   710000    276261  20,  0    199506     10000         0 999999   0
   720000    286261  20,  0    199506     10000         0 999999   0
   730000    296261  20,  0    199525     10000         0 999999   0
   740000    306261  20,  0    199412     10000         0 999999   0
   750000    316261  20,  0    199430     10000         0 999999   0
   760000    326261  20,  0    199601     10000         0 999999   0
   770000    336261  20,  0    199506     10000         0 999999   0
   780000    346261  20,  0    199563     10000         0 999999   0
   790000    356261  20,  0    199449     10000         0 999999   0
   800000    366261  20,  0    199449     10000         0 999999   0
   810000    376261  20,  0    199525     10000         0 999999   0
   820000    386261  20,  0    199544     10000         0 999999   0
   830000    396261  20,  0    199506     10000         0 999999   0
   840000    406261  20,  0    199468     10000         0 999999   0
   850000    416261  20,  0    199582     10000         0 999999   0
   860000    426261  20,  0    199620     10000         0 999999   0
   870000    436261  20,  0    199468     10000         0 999999   0
   880000    446261  20,  0    199487     10000         0 999999   0
   890000    456261  20,  0    199525     10000         0 999999   0
   900000    466261  20,  0    199582     10000         0 999999   0
   910000    476261  20,  0    199430     10000         0 999999   0
   920000    486261  20,  0    199449     10000         0 999999   0
   930000    496261  20,  0    199506     10000         0 999999   0
   940000    506261  20,  0    199411     10000         0 999999   0
   950000    516261  20,  0    199544     10000         0 999999   0
   960000    526261  20,  0    199468     10000         0 999999   0
   970000    536261  20,  0    199316     10000         0 999999   0
   980000    546261  20,  0    199696     10000         0 999999   0
   990000    556261  20,  0    199316     10000         0 999999   0
  1000000    566261  20,  0    199620     10000         0 999999   0
  1010000    576261  20,  0    199601     10000         0 999999   0
  1020000    586261  20,  0    199335     10000         0 999999   0
  1030000    596261  20,  0    199506     10000         0 999999   0
  1040000    606261  20,  0    199449     10000         0 999999   0
  1050000    616261  20,  0    199450     10000         0 999999   0
  1060000    626261  20,  0    199449     10000         0 999999   0
  1070000    636261  20,  0    199639     10000         0 999999   0
  1080000    646261  20,  0    199468     10000         0 999999   0
  1090000    656261  20,  0    199582     10000         0 999999   0
  1100000    666261  20,  0    199259     10000         0 999999   0
  1110000    676261  20,  0    199544     10000         0 999999   0
  1120000    686261  20,  0    199373     10000         0 999999   0
  1130000    696261  20,  0    199525     10000         0 999999   0
  1140000    706261  20,  0    199639     10000         0 999999   0
  1150000    716261  20,  0    199297     10000         0 999999   0
  1160000    726261  20,  0    199526     10000         0 999999   0
  1170000    736261  20,  0    199563     10000         0 999999   0
  1180000    746261  20,  0    199677     10000         0 999999   0
  1190000    756261  20,  0    199620     10000         0 999999   0
  1200000    766261  20,  0    199449     10000         0 999999   0
  1210000    776261  20,  0    199411     10000         0 999999   0
  1220000    786261  20,  0    199373     10000         0 999999   0
  1230000    796261  20,  0    199582     10000         0 999999   0
  1240000    806261  20,  0    199525     10000         0 999999   0
  1250000    816261  20,  0    199582     10000         0 999999   0
  1260000    826261  20,  0    199525     10000         0 999999   0
  1270000    836261  20,  0    199354     10000         0 999999   0
  1280000    846261  20,  0    199316     10000         0 999999   0
  1290000    856261  20,  0    199753     10000         0 999999   0
  1300000    866261  20,  0    199430     10000         0 999999   0
  1310000    876261  20,  0    199582     10000         0 999999   0
  1320000    886261  20,  0    199468     10000         0 999999   0
  1330000    896261  20,  0    199430     10000         0 999999   0
  1340000    906261  20,  0    199411     10000         0 999999   0
  1350000    916261  20,  0    199582     10000         0 999999   0
  1360000    926261  20,  0    199487     10000         0 999999   0
  1370000    936261  20,  0    199487     10000         0 999999   0
  1380000    946261  20,  0    199525     10000         0 999999   0
  1390000    956261  20,  0    199563     10000         0 999999   0
  1400000    966261  20,  0    199468     10000         0 999999   0
  1410000    976261  20,  0    199487     10000         0 999999   0
  1420000    986261  20,  0    199487     10000         0 999999   0
  1430000    996261  20,  0    199487     10000         0 999999   0

  1433740   1000001  20,  0     74609      3739         0  *


Total Time = 1125 seconds; Search Time = 1123 seconds.
Terminated due to Maximum Patience Reached
Best Configuration:
AB CD EF GH IJ KL MN OP QR ST UV
DL QM JG IK SR NB CT OF HE AV UP
MP KC RJ NV LG OB UH EQ SF AD TI
FD TK VG IH OS JB NE UR AP MC QL
VM NL FK QH DB JA OC GS TP IU ER
HT LJ UD GM OA IR VF EC SN QB PK
ET KS BL DR VP NC UF QG HM AI OJ
RF AM GO QT PH EB DV NJ KU CL IS
TJ KM VI FB OH SA GR LU QN CP DE
UQ GP HL VC JK AE OT RM ID BS FN
OR EL DK UA MI PS TF GN HB QC VJ
VQ LS AT UC OM EJ DH KN PI RB GF
ES RH QK DN JP LA FC UM TG BI VO
KE RL BP SV UO NT MD JC QI AG FH
VK JM HN EG AF UB LO PQ CI DS TR
KH TU SC NA IF GB QJ OD EM RV PL
SJ TM CB UQ FL RN VE OI PD AH KG
RA IE UJ CH DG KO BT FM VL QS PN
MS AC FJ OE VH DQ GI UN LT BK RP
NO HS KR UE PF CG IL QA MB VT DJ
EP GU NI AK BV RC SO ML QF JH TD

Score = 20
Old Score = 0
Bad partnerings
  A B C D E F G H I J K L M N O P Q R S T U V 
A . 1 1 1 1 1 1 1 1 1 1 1 1 1 1 1 1 1 1 1 1 1
B 1 . 1 1 1 1 1 1 1 1 1 1 1 1 1 1 1 1 1 1 1 1
C 1 1 . 1 1 1 1 1 1 1 1 1 1 1 1 1 1 1 1 1 1 1
D 1 1 1 . 1 1 1 1 1 1 1 1 1 1 1 1 1 1 1 1 1 1
E 1 1 1 1 . 1 1 1 1 1 1 1 1 1 1 1 1 1 1 1 1 1
F 1 1 1 1 1 . 1 1 1 1 1 1 1 1 1 1 1 1 1 1 1 1
G 1 1 1 1 1 1 . 1 1 1 1 1 1 1 1 1 1 1 1 1 1 1
H 1 1 1 1 1 1 1 . 1 1 1 1 1 1 1 1 1 1 1 1 1 1
I 1 1 1 1 1 1 1 1 . 1 1 1 1 1 1 1 1 1 1 1 1 1
J 1 1 1 1 1 1 1 1 1 . 1 1 1 1 1 1 1 1 1 1 1 1
K 1 1 1 1 1 1 1 1 1 1 . 1 1 1 1 1 1 1 1 1 1 1
L 1 1 1 1 1 1 1 1 1 1 1 . 1 1 1 1 1 1 1 1 1 1
M 1 1 1 1 1 1 1 1 1 1 1 1 . 1 1 1 1 1 1 1 1 1
N 1 1 1 1 1 1 1 1 1 1 1 1 1 . 1 1 1 1 1 1 1 1
O 1 1 1 1 1 1 1 1 1 1 1 1 1 1 . 1 0 1 2 1 1 1
P 1 1 1 1 1 1 1 1 1 1 1 1 1 1 1 . 1 1 1 1 1 1
Q 1 1 1 1 1 1 1 1 1 1 1 1 1 1 0 1 . 1 1 1 2 1
R 1 1 1 1 1 1 1 1 1 1 1 1 1 1 1 1 1 . 1 1 1 1
S 1 1 1 1 1 1 1 1 1 1 1 1 1 1 2 1 1 1 . 1 0 1
T 1 1 1 1 1 1 1 1 1 1 1 1 1 1 1 1 1 1 1 . 1 1
U 1 1 1 1 1 1 1 1 1 1 1 1 1 1 1 1 2 1 0 1 . 1
V 1 1 1 1 1 1 1 1 1 1 1 1 1 1 1 1 1 1 1 1 1 .
Mon Oct 14 00:35:31 CDT 2002	Running ./pairs -n 24 -g 23
Population = 100	MaxIter = 100000000
TermCount = 1000000	MaxSwap = 10
Opt = 0
Iteration Best Cnt  Score       Mutates   Cross-Ovr Inserts
        0         1 1080,  0         1         1         1 1180   1
    10000       188 390,  0    153838     10000      1946 390   1
    20000       596 280,  0    176844     10000       774 280   1
    30000        59 180,  0    184192     10000       473 180   1
    40000      1308 160,  0    189665     10000       239 160   1
    50000      1866 150,  0    193198     10000       134 150   1
    60000      5652 140,  0    193274     10000       122 140   1
    70000      5618 130,  0    195384     10000        64 130   1
    80000     15618 130,  0    195023     10000        75 130   1
    90000      5376 110,  0    196599     10000        39 110   1
   100000     15376 110,  0    195289     10000        73 110   1
   110000      2101 100,  0    195118     10000        69 100   1
   120000     12101 100,  0    196086     10000        47 100   1
   130000     22101 100,  0    197455     10000        25 100   1
   140000     32101 100,  0    198347     10000         3 100   1
   150000     42101 100,  0    198518     10000         8 100   1
   160000     52101 100,  0    197456     10000        14 100   1
   170000     62101 100,  0    196827     10000        38 100   1
   180000      1937  90,  0    197340     10000        31  90   1
   190000     11937  90,  0    198708     10000         2  90   1
   200000     21937  90,  0    198898     10000         1  90   1
   210000     31937  90,  0    198880     10000         3  90   1
   220000     41937  90,  0    198443     10000        11  90   1
   230000     51937  90,  0    198195     10000         9  90   1
   240000     61937  90,  0    197855     10000        18  90   1
   250000     71937  90,  0    197321     10000        26  90   1
   260000     81937  90,  0    196903     10000        29  90   1
   270000     91937  90,  0    199069     10000         0 999999   0
   280000    101937  90,  0    199107     10000         0 999999   0
   290000      1670  80,  0    199050     10000         2  80   1
   300000     11670  80,  0    199088     10000         1  80   1
   310000     21670  80,  0    199145     10000         3  80   1
   320000     31670  80,  0    199164     10000         2  80   1
   330000     41670  80,  0    199012     10000         8  80   1
   340000     51670  80,  0    198423     10000        21  80   1
   350000     61670  80,  0    198556     10000        11  80   1
   360000     71670  80,  0    198233     10000        18  80   1
   370000     81670  80,  0    197967     10000        27  80   1

   374115     85785  80,  0     81691      4114         7  *


Total Time = 331 seconds; Search Time = 330 seconds.
Best Configuration:
AB CD EF GH IJ KL MN OP QR ST UV WX
RB WG ED SQ VH IA NC FO PL UJ TX MK
KN WU MO QH BJ RE XD VF AG PT IC SL
GN CE AJ SW BT FD UO VM XH LQ RK PI
QM VN GJ RS UL EI BK AD XP HC TO FW
VX IN QJ GM BS FU KC RH AL TD EO WP
LC VS HT OJ FQ XA BI EK UG DR NW MP
PJ AV NT WQ UX HS OL CR MF DG EB IK
TV CU NH AW SX RG QB MJ ID PK OF EL
SF HJ XE RL UI AM VW PD BN OC GK QT
JE HF QD CM AS XL NP KV GT OW UB RI
HM LT DB OA JK IG CP EV NS FX UQ RW
EP CT UR WH XO LJ VK MB DN AQ FI GS
OR IM BX FG KT HL UE WD AN PQ JV CS
GI TU SM WB NE CV PR HD OQ LF KA JX
HS LB FC IQ XM GR JN UP DK VO TW EA
EU NR OD TJ LM KW GX CQ HA IV BF PS
EG HK RT LN AF SD MU BO CJ IW QX VP
FK VR QN TB LW GC PH UA ME IX DJ SO
HI PF EQ MW KU LG SJ AT RX NO CB DV
VL DM HO CA XK IS BP FT GQ WE UN RJ
JW NF PA IO SU RM GV CX HB TE DL KQ
JF RA LI SE WC XN MT QV PG DU KO BH

Score = 80
Old Score = 0
Bad partnerings
  A B C D E F G H I J K L M N O P Q R S T U V W X 
A . 1 1 1 1 1 1 1 1 1 1 1 1 1 1 1 1 1 1 1 1 1 1 1
B 1 . 1 1 1 1 0 2 1 1 1 1 1 1 1 1 1 1 1 2 1 0 1 1
C 1 1 . 1 1 1 1 1 1 1 1 1 1 1 1 1 1 1 1 1 1 1 1 1
D 1 1 1 . 1 1 1 1 1 1 1 1 1 1 1 1 1 1 1 1 1 1 1 1
E 1 1 1 1 . 1 1 0 1 1 1 1 1 1 1 1 1 1 1 1 2 1 1 1
F 1 1 1 1 1 . 1 1 1 1 1 1 1 1 2 1 1 0 1 1 1 1 1 1
G 1 0 1 1 1 1 . 1 2 1 1 1 1 1 0 1 1 2 1 1 1 1 1 1
H 1 2 1 1 0 1 1 . 1 1 1 1 1 1 1 1 1 1 2 1 0 1 1 1
I 1 1 1 1 1 1 2 1 . 1 1 1 1 1 1 1 1 1 1 0 1 1 1 1
J 1 1 1 1 1 1 1 1 1 . 1 1 1 1 1 1 1 1 1 1 1 1 1 1
K 1 1 1 1 1 1 1 1 1 1 . 1 1 1 1 1 1 1 0 1 1 2 1 1
L 1 1 1 1 1 1 1 1 1 1 1 . 1 1 1 1 1 1 1 1 1 1 1 1
M 1 1 1 1 1 1 1 1 1 1 1 1 . 1 1 1 1 1 1 1 1 1 1 1
N 1 1 1 1 1 1 1 1 1 1 1 1 1 . 1 1 1 1 1 1 1 1 1 1
O 1 1 1 1 1 2 0 1 1 1 1 1 1 1 . 1 1 1 1 1 1 1 1 1
P 1 1 1 1 1 1 1 1 1 1 1 1 1 1 1 . 1 1 1 1 1 1 1 1
Q 1 1 1 1 1 1 1 1 1 1 1 1 1 1 1 1 . 1 1 1 1 1 1 1
R 1 1 1 1 1 0 2 1 1 1 1 1 1 1 1 1 1 . 1 1 1 1 1 1
S 1 1 1 1 1 1 1 2 1 1 0 1 1 1 1 1 1 1 . 1 1 1 1 1
T 1 2 1 1 1 1 1 1 0 1 1 1 1 1 1 1 1 1 1 . 1 1 1 1
U 1 1 1 1 2 1 1 0 1 1 1 1 1 1 1 1 1 1 1 1 . 1 1 1
V 1 0 1 1 1 1 1 1 1 1 2 1 1 1 1 1 1 1 1 1 1 . 1 1
W 1 1 1 1 1 1 1 1 1 1 1 1 1 1 1 1 1 1 1 1 1 1 . 1
X 1 1 1 1 1 1 1 1 1 1 1 1 1 1 1 1 1 1 1 1 1 1 1 .
